<?xml version="1.0" encoding="UTF-8"?>
<!-- Generated by org.testng.reporters.JUnitReportReporter -->
<testsuite hostname="DESKTOP-LFU0FOT" failures="0" tests="2" name="firstpackage.HomePage2" time="17.309" errors="0" timestamp="2021-03-21T20:58:54 PKT" skipped="0">
  <testcase classname="firstpackage.HomePage2" name="openbrowser" time="12.152"/>
  <system-out/>
  <testcase classname="firstpackage.HomePage2" name="openbrowser" time="5.157"/>
  <system-out/>
</testsuite> <!-- firstpackage.HomePage2 -->
