<?xml version="1.0" encoding="UTF-8"?>
<!-- Generated by org.testng.reporters.JUnitXMLReporter -->
<testsuite ignored="0" hostname="MacBooks-MacBook-Pro-2.local" failures="2" tests="2" name="LoginIntoAppicalUAT" time="17.854" errors="0" timestamp="2021-03-19T15:00:19 PKT">
  <testcase classname="secondPackage.AppicalUATLogin" name="LoginintoAppical" time="4.608">
    <failure type="java.lang.AssertionError" message="expected [true] but found [false]">
      <![CDATA[java.lang.AssertionError: expected [true] but found [false]
at secondPackage.AppicalUATLogin.LoginintoAppical(AppicalUATLogin.java:37)
at java.base/java.util.ArrayList.forEach(ArrayList.java:1511)
... Removed 31 stack frames]]>
    </failure>
  </testcase> <!-- LoginintoAppical -->
  <testcase classname="secondPackage.AppicalUATLogin" name="LoginintoAppical" time="4.659">
    <failure type="java.lang.NullPointerException" message="Cannot invoke &amp;quot;org.openqa.selenium.TakesScreenshot.getScreenshotAs(org.openqa.selenium.OutputType)&amp;quot; because &amp;quot;this.driver&amp;quot; is null">
      <![CDATA[java.lang.NullPointerException: Cannot invoke "org.openqa.selenium.TakesScreenshot.getScreenshotAs(org.openqa.selenium.OutputType)" because "this.driver" is null
at Resources.HomePage.getScreenshots(HomePage.java:47)
at screenshotpackage.Listener.onTestFailure(Listener.java:32)
at java.base/java.util.ArrayList.forEach(ArrayList.java:1511)
... Removed 24 stack frames]]>
    </failure>
  </testcase> <!-- LoginintoAppical -->
</testsuite> <!-- LoginIntoAppicalUAT -->
