<?xml version="1.0" encoding="UTF-8"?>
<!-- Generated by org.testng.reporters.JUnitXMLReporter -->
<testsuite ignored="0" hostname="QA-AKashif" failures="0" tests="3" name="Test" time="18.077" errors="0" timestamp="2020-12-29T11:42:48 PKT">
  <testcase classname="FirstPackage.validateTitle" name="@BeforeTest InitailzeDriver" time="3.787">
    <failure type="org.openqa.selenium.WebDriverException" message="unknown error: cannot determine loading status
from disconnected: received Inspector.detached event
  (Session info: chrome=87.0.4280.88)
Build info: version: &amp;apos;3.141.59&amp;apos;, revision: &amp;apos;e82be7d358&amp;apos;, time: &amp;apos;2018-11-14T08:17:03&amp;apos;
System info: host: &amp;apos;QA-AKASHIF&amp;apos;, ip: &amp;apos;192.168.0.138&amp;apos;, os.name: &amp;apos;Windows 10&amp;apos;, os.arch: &amp;apos;amd64&amp;apos;, os.version: &amp;apos;10.0&amp;apos;, java.version: &amp;apos;15&amp;apos;
Driver info: org.openqa.selenium.chrome.ChromeDriver
Capabilities {acceptInsecureCerts: false, browserName: chrome, browserVersion: 87.0.4280.88, chrome: {chromedriverVersion: 87.0.4280.88 (89e2380a3e36c..., userDataDir: C:\Users\AHTISH~1.KAS\AppDa...}, goog:chromeOptions: {debuggerAddress: localhost:49367}, javascriptEnabled: true, networkConnectionEnabled: false, pageLoadStrategy: normal, platform: WINDOWS, platformName: WINDOWS, proxy: Proxy(), setWindowRect: true, strictFileInteractability: false, timeouts: {implicit: 0, pageLoad: 300000, script: 30000}, unhandledPromptBehavior: dismiss and notify, webauthn:virtualAuthenticators: true}
Session ID: 1425a630529fda673d65fd6a768b229c">
      <![CDATA[org.openqa.selenium.WebDriverException: unknown error: cannot determine loading status
from disconnected: received Inspector.detached event
  (Session info: chrome=87.0.4280.88)
Build info: version: '3.141.59', revision: 'e82be7d358', time: '2018-11-14T08:17:03'
System info: host: 'QA-AKASHIF', ip: '192.168.0.138', os.name: 'Windows 10', os.arch: 'amd64', os.version: '10.0', java.version: '15'
Driver info: org.openqa.selenium.chrome.ChromeDriver
Capabilities {acceptInsecureCerts: false, browserName: chrome, browserVersion: 87.0.4280.88, chrome: {chromedriverVersion: 87.0.4280.88 (89e2380a3e36c..., userDataDir: C:\Users\AHTISH~1.KAS\AppDa...}, goog:chromeOptions: {debuggerAddress: localhost:49367}, javascriptEnabled: true, networkConnectionEnabled: false, pageLoadStrategy: normal, platform: WINDOWS, platformName: WINDOWS, proxy: Proxy(), setWindowRect: true, strictFileInteractability: false, timeouts: {implicit: 0, pageLoad: 300000, script: 30000}, unhandledPromptBehavior: dismiss and notify, webauthn:virtualAuthenticators: true}
Session ID: 1425a630529fda673d65fd6a768b229c
at org.openqa.selenium.remote.http.W3CHttpResponseCodec.createException(W3CHttpResponseCodec.java:187)
at org.openqa.selenium.remote.http.W3CHttpResponseCodec.decode(W3CHttpResponseCodec.java:122)
at org.openqa.selenium.remote.http.W3CHttpResponseCodec.decode(W3CHttpResponseCodec.java:49)
at org.openqa.selenium.remote.HttpCommandExecutor.execute(HttpCommandExecutor.java:158)
at org.openqa.selenium.remote.service.DriverCommandExecutor.execute(DriverCommandExecutor.java:83)
at org.openqa.selenium.remote.RemoteWebDriver.execute(RemoteWebDriver.java:552)
at org.openqa.selenium.remote.RemoteWebDriver.get(RemoteWebDriver.java:277)
at FirstPackage.validateTitle.InitailzeDriver(validateTitle.java:34)
... Removed 29 stack frames]]>
    </failure>
  </testcase> <!-- @BeforeTest InitailzeDriver -->
  <testcase classname="FirstPackage.HomePage2" name="@AfterTest tearDown" time="-1.609224168006E9">
    <skipped/>
  </testcase> <!-- @AfterTest tearDown -->
  <testcase classname="FirstPackage.validateContactNavigation" name="@AfterTest tearDown" time="-1.609224168009E9">
    <skipped/>
  </testcase> <!-- @AfterTest tearDown -->
  <testcase classname="FirstPackage.validateTitle" name="@AfterTest tearDown" time="-1.609224168012E9">
    <skipped/>
  </testcase> <!-- @AfterTest tearDown -->
  <testcase classname="FirstPackage.HomePage2" name="openbrowser" time="0.0">
    <skipped/>
  </testcase> <!-- openbrowser -->
  <testcase classname="FirstPackage.validateTitle" name="openbrowser" time="0.0">
    <skipped/>
  </testcase> <!-- openbrowser -->
  <testcase classname="FirstPackage.validateContactNavigation" name="openbrowser" time="0.0">
    <skipped/>
  </testcase> <!-- openbrowser -->
</testsuite> <!-- Test -->
